<?xml version="1.0" encoding="UTF-8"?>
<!-- Generated by org.testng.reporters.JUnitReportReporter -->
<testsuite hostname="LD-DiptiRanjan" failures="0" tests="1" name="Jenkins_Package.Jenkins_class" time="10.073" errors="0" timestamp="2023-08-24T13:15:27 IST" skipped="0">
  <testcase classname="Jenkins_Package.Jenkins_class" name="main" time="10.073"/>
  <system-out/>
</testsuite> <!-- Jenkins_Package.Jenkins_class -->
